<?xml version="1.0" encoding="UTF-8"?>
<!-- Generated by org.testng.reporters.JUnitReportReporter -->
<testsuite hostname="LM-TXL-00389681" name="sh.calaba.driver.server.CalabashNodeConfigurationTest" tests="6" failures="0" timestamp="10 Dec 2012 08:22:44 GMT" time="3.470" errors="0">
  <testcase name="testReadConfigByFileNullInput" time="0.001" classname="sh.calaba.driver.server.CalabashNodeConfigurationTest"/>
  <testcase name="testReadConfigByURIInvalidURI" time="0.001" classname="sh.calaba.driver.server.CalabashNodeConfigurationTest"/>
  <testcase name="testReadConfigByFileInvalidFilePath" time="0.001" classname="sh.calaba.driver.server.CalabashNodeConfigurationTest"/>
  <testcase name="testReadConfigByURINullInput" time="0.001" classname="sh.calaba.driver.server.CalabashNodeConfigurationTest"/>
  <testcase name="testReadConfigByURI" time="3.316" classname="sh.calaba.driver.server.CalabashNodeConfigurationTest"/>
  <testcase name="testReadConfigByFile" time="0.150" classname="sh.calaba.driver.server.CalabashNodeConfigurationTest"/>
</testsuite> <!-- sh.calaba.driver.server.CalabashNodeConfigurationTest -->
