<?xml version="1.0" encoding="UTF-8"?>
<!-- Generated by org.testng.reporters.JUnitReportReporter -->
<testsuite hostname="LM-TXL-00389681" name="sh.calaba.driver.server.internal.impl.CalabashCapabilityMatcherTest" tests="5" failures="0" timestamp="22 Nov 2012 11:28:02 GMT" time="0.009" errors="0">
  <testcase name="doesntMatchConsideredCapa" time="0.006" classname="sh.calaba.driver.server.internal.impl.CalabashCapabilityMatcherTest"/>
  <testcase name="doesntMatchMinimumCapa" time="0.001" classname="sh.calaba.driver.server.internal.impl.CalabashCapabilityMatcherTest"/>
  <testcase name="matchConsideredCapa" time="0.001" classname="sh.calaba.driver.server.internal.impl.CalabashCapabilityMatcherTest"/>
  <testcase name="onlyDefaultCapabilitiesAreConsidered" time="0.001" classname="sh.calaba.driver.server.internal.impl.CalabashCapabilityMatcherTest"/>
  <testcase name="matchMinimumCapa" time="0.000" classname="sh.calaba.driver.server.internal.impl.CalabashCapabilityMatcherTest"/>
</testsuite> <!-- sh.calaba.driver.server.internal.impl.CalabashCapabilityMatcherTest -->
