<?xml version="1.0" encoding="UTF-8"?>
<!-- Generated by org.testng.reporters.JUnitReportReporter -->
<testsuite hostname="LM-TXL-00389681" name="sh.calaba.driver.server.TestClazz" tests="1" failures="0" timestamp="20 Sep 2012 11:47:58 GMT" time="0.348" errors="0">
  <testcase name="runServer" time="0.348" classname="sh.calaba.driver.server.TestClazz"/>
</testsuite> <!-- sh.calaba.driver.server.TestClazz -->
