<?xml version="1.0" encoding="UTF-8"?>
<!-- Generated by org.testng.reporters.JUnitReportReporter -->
<testsuite hostname="LM-TXL-00389681" name="sh.calaba.driver.server.DeleteMe" tests="1" failures="0" timestamp="12 Oct 2012 11:45:23 GMT" time="3.460" errors="0">
  <testcase name="configureByURL" time="3.460" classname="sh.calaba.driver.server.DeleteMe"/>
</testsuite> <!-- sh.calaba.driver.server.DeleteMe -->
