<?xml version="1.0" encoding="UTF-8"?>
<!-- Generated by org.testng.reporters.JUnitReportReporter -->
<testsuite hostname="LM-TXL-00389681" name="sh.calaba.driver.server.EndToEndTests" tests="1" failures="0" timestamp="6 Dec 2012 12:42:40 GMT" time="0.428" errors="0">
  <testcase name="sessionIsInitializedAndCommand" time="0.428" classname="sh.calaba.driver.server.EndToEndTests"/>
</testsuite> <!-- sh.calaba.driver.server.EndToEndTests -->
