<?xml version="1.0" encoding="UTF-8"?>
<!-- Generated by org.testng.reporters.JUnitReportReporter -->
<testsuite hostname="LM-TXL-00389681" name="sh.calaba.driver.server.internal.impl.CalabashCapabilityMatcherTest" tests="5" failures="0" timestamp="12 Dec 2012 21:42:30 GMT" time="0.003" errors="0">
  <testcase name="onlyDefaultCapabilitiesAreConsidered" time="0.000" classname="sh.calaba.driver.server.internal.impl.CalabashCapabilityMatcherTest"/>
  <testcase name="matchMinimumCapa" time="0.000" classname="sh.calaba.driver.server.internal.impl.CalabashCapabilityMatcherTest"/>
  <testcase name="doesntMatchConsideredCapa" time="0.003" classname="sh.calaba.driver.server.internal.impl.CalabashCapabilityMatcherTest"/>
  <testcase name="doesntMatchMinimumCapa" time="0.000" classname="sh.calaba.driver.server.internal.impl.CalabashCapabilityMatcherTest"/>
  <testcase name="matchConsideredCapa" time="0.000" classname="sh.calaba.driver.server.internal.impl.CalabashCapabilityMatcherTest"/>
</testsuite>
