<?xml version="1.0" encoding="UTF-8"?>
<!-- Generated by org.testng.reporters.JUnitReportReporter -->
<testsuite hostname="LM-TXL-00389681" name="sh.calaba.driver.server.CalabashNodeConfigurationTest" tests="6" failures="0" timestamp="12 Dec 2012 21:42:30 GMT" time="3.039" errors="0">
  <testcase name="testReadConfigByFile" time="0.024" classname="sh.calaba.driver.server.CalabashNodeConfigurationTest"/>
  <testcase name="testReadConfigByURINullInput" time="0.000" classname="sh.calaba.driver.server.CalabashNodeConfigurationTest"/>
  <testcase name="testReadConfigByURIInvalidURI" time="0.000" classname="sh.calaba.driver.server.CalabashNodeConfigurationTest"/>
  <testcase name="testReadConfigByFileInvalidFilePath" time="0.000" classname="sh.calaba.driver.server.CalabashNodeConfigurationTest"/>
  <testcase name="testReadConfigByURI" time="3.015" classname="sh.calaba.driver.server.CalabashNodeConfigurationTest"/>
  <testcase name="testReadConfigByFileNullInput" time="0.000" classname="sh.calaba.driver.server.CalabashNodeConfigurationTest"/>
</testsuite>
