<?xml version="1.0" encoding="UTF-8"?>
<!-- Generated by org.testng.reporters.JUnitReportReporter -->
<testsuite hostname="LM-TXL-00389681" name="sh.calaba.driver.server.CalabashInstrumentationServerStubTest" tests="1" failures="0" timestamp="12 Dec 2012 21:42:30 GMT" time="3.430" errors="0">
  <testcase name="runServer" time="3.430" classname="sh.calaba.driver.server.CalabashInstrumentationServerStubTest"/>
</testsuite>
